<?xml version="1.0" encoding="UTF-8"?>
<testng-results ignored="0" total="1" passed="1" failed="0" skipped="0">
  <reporter-output>
  </reporter-output>
  <suite started-at="2026-07-07T19:03:45 AEST" name="Default Suite" finished-at="2026-07-07T19:03:53 AEST" duration-ms="7938">
    <groups>
    </groups>
    <test started-at="2026-07-07T19:03:45 AEST" name="com.practisetest.framework" finished-at="2026-07-07T19:03:53 AEST" duration-ms="7938">
      <class name="tests.HomePageNavigation">
        <test-method is-config="true" signature="setDriver()[pri:0, instance:tests.HomePageNavigation@4550bb58]" started-at="2026-07-07T19:03:45 AEST" name="setDriver" finished-at="2026-07-07T19:03:49 AEST" duration-ms="4079" status="PASS">
          <reporter-output>
          </reporter-output>
        </test-method> <!-- setDriver -->
        <test-method signature="testHomePageNavigation()[pri:0, instance:tests.HomePageNavigation@4550bb58]" started-at="2026-07-07T19:03:49 AEST" name="testHomePageNavigation" finished-at="2026-07-07T19:03:53 AEST" duration-ms="3387" status="PASS">
          <reporter-output>
          </reporter-output>
        </test-method> <!-- testHomePageNavigation -->
        <test-method is-config="true" signature="tearDown()[pri:0, instance:tests.HomePageNavigation@4550bb58]" started-at="2026-07-07T19:03:53 AEST" name="tearDown" finished-at="2026-07-07T19:03:53 AEST" duration-ms="428" status="PASS">
          <reporter-output>
          </reporter-output>
        </test-method> <!-- tearDown -->
      </class> <!-- tests.HomePageNavigation -->
    </test> <!-- com.practisetest.framework -->
  </suite> <!-- Default Suite -->
</testng-results>
